<?xml version="1.0" encoding="UTF-8"?>
<!-- Generated by org.testng.reporters.JUnitXMLReporter -->
<testsuite ignored="0" hostname="Rohit" failures="1" tests="3" name="MenuOptions" time="265.537" errors="0" timestamp="2023-03-21T20:45:01 IST">
  <testcase classname="testCaseClasses.TestMenuOptions" name="testAboutMenu" time="72.039">
    <skipped/>
  </testcase> <!-- testAboutMenu -->
  <testcase classname="testCaseClasses.TestMenuOptions" name="testAboutMenu" time="146.916">
    <failure type="java.lang.AssertionError" message="Actual Title and Expected Title are NOT Same!! expected [true] but found [false]">
      <![CDATA[java.lang.AssertionError: Actual Title and Expected Title are NOT Same!! expected [true] but found [false]
at testCaseClasses.TestMenuOptions.testAboutMenu(TestMenuOptions.java:39)
at java.base/java.util.ArrayList.forEach(ArrayList.java:1511)
at java.base/java.util.concurrent.FutureTask.run(FutureTask.java:264)
at java.base/java.util.concurrent.ThreadPoolExecutor.runWorker(ThreadPoolExecutor.java:1136)
at java.base/java.util.concurrent.ThreadPoolExecutor$Worker.run(ThreadPoolExecutor.java:635)
at java.base/java.lang.Thread.run(Thread.java:833)
... Removed 21 stack frames]]>
    </failure>
  </testcase> <!-- testAboutMenu -->
  <testcase classname="testCaseClasses.TestMenuOptions" name="testLogOut" time="34.72"/>
</testsuite> <!-- MenuOptions -->
